# JRE version: OpenJDK Runtime Environment Corretto-17.0.13.11.1 (17.0.13+11) (build 17.0.13+11-LTS)
# Java VM: OpenJDK 64-Bit Server VM Corretto-17.0.13.11.1 (17.0.13+11-LTS, mixed mode, emulated-client, sharing, tiered, compressed oops, compressed class ptrs, g1 gc, windows-amd64)
GC Precious Log:
 CPUs: 16 total, 16 available
 Memory: 16085M
 Large Page Support: Disabled
 NUMA Support: Disabled
 Compressed Oops: Enabled (Zero based)
 Heap Region Size: 2M
 Heap Min Capacity: 8M
 Heap Initial Capacity: 252M
 Heap Max Capacity: 4022M
 Pre-touch: Disabled
 Parallel Workers: 13
 Concurrent Workers: 3
 Concurrent Refinement Workers: 13
 Periodic GC: Disabled
Heap:
 garbage-first heap   total 133120K, used 78110K [0x0000000704a00000, 0x0000000800000000)
  region size 2048K, 12 young (24576K), 1 survivors (2048K)
 Metaspace       used 91002K, committed 91904K, reserved 1179648K
  class space    used 13086K, committed 13504K, reserved 1048576K
GC Heap History (20 events):
Event: 10328.759 GC heap after
{Heap after GC invocations=84 (full 0):
 garbage-first heap   total 133120K, used 57507K [0x0000000704a00000, 0x0000000800000000)
  region size 2048K, 1 young (2048K), 1 survivors (2048K)
 Metaspace       used 90872K, committed 91776K, reserved 1179648K
  class space    used 13057K, committed 13504K, reserved 1048576K
}
Event: 10457.588 GC heap before
{Heap before GC invocations=84 (full 0):
 garbage-first heap   total 133120K, used 112803K [0x0000000704a00000, 0x0000000800000000)
  region size 2048K, 28 young (57344K), 1 survivors (2048K)
 Metaspace       used 90886K, committed 91776K, reserved 1179648K
  class space    used 13061K, committed 13504K, reserved 1048576K
}
Event: 10457.592 GC heap after
{Heap after GC invocations=85 (full 0):
 garbage-first heap   total 133120K, used 57436K [0x0000000704a00000, 0x0000000800000000)
  region size 2048K, 1 young (2048K), 1 survivors (2048K)
 Metaspace       used 90886K, committed 91776K, reserved 1179648K
  class space    used 13061K, committed 13504K, reserved 1048576K
}
Event: 10624.148 GC heap before
{Heap before GC invocations=85 (full 0):
 garbage-first heap   total 133120K, used 112732K [0x0000000704a00000, 0x0000000800000000)
  region size 2048K, 28 young (57344K), 1 survivors (2048K)
 Metaspace       used 90886K, committed 91776K, reserved 1179648K
  class space    used 13061K, committed 13504K, reserved 1048576K
}
Event: 10624.151 GC heap after
{Heap after GC invocations=86 (full 0):
 garbage-first heap   total 133120K, used 57156K [0x0000000704a00000, 0x0000000800000000)
  region size 2048K, 1 young (2048K), 1 survivors (2048K)
 Metaspace       used 90886K, committed 91776K, reserved 1179648K
  class space    used 13061K, committed 13504K, reserved 1048576K
}
Event: 10708.300 GC heap before
{Heap before GC invocations=86 (full 0):
 garbage-first heap   total 133120K, used 112452K [0x0000000704a00000, 0x0000000800000000)
  region size 2048K, 28 young (57344K), 1 survivors (2048K)
 Metaspace       used 90886K, committed 91776K, reserved 1179648K
  class space    used 13061K, committed 13504K, reserved 1048576K
}
Event: 10708.302 GC heap after
{Heap after GC invocations=87 (full 0):
 garbage-first heap   total 133120K, used 57601K [0x0000000704a00000, 0x0000000800000000)
  region size 2048K, 1 young (2048K), 1 survivors (2048K)
 Metaspace       used 90886K, committed 91776K, reserved 1179648K
  class space    used 13061K, committed 13504K, reserved 1048576K
}
Event: 10831.727 GC heap before
{Heap before GC invocations=87 (full 0):
 garbage-first heap   total 133120K, used 112897K [0x0000000704a00000, 0x0000000800000000)
  region size 2048K, 28 young (57344K), 1 survivors (2048K)
 Metaspace       used 90886K, committed 91776K, reserved 1179648K
  class space    used 13061K, committed 13504K, reserved 1048576K
}
Event: 10831.729 GC heap after
{Heap after GC invocations=88 (full 0):
 garbage-first heap   total 133120K, used 57806K [0x0000000704a00000, 0x0000000800000000)
  region size 2048K, 1 young (2048K), 1 survivors (2048K)
 Metaspace       used 90886K, committed 91776K, reserved 1179648K
  class space    used 13061K, committed 13504K, reserved 1048576K
}
Event: 10924.178 GC heap before
{Heap before GC invocations=88 (full 0):
 garbage-first heap   total 133120K, used 113102K [0x0000000704a00000, 0x0000000800000000)
  region size 2048K, 28 young (57344K), 1 survivors (2048K)
 Metaspace       used 90886K, committed 91776K, reserved 1179648K
  class space    used 13061K, committed 13504K, reserved 1048576K
}
Event: 10924.180 GC heap after
{Heap after GC invocations=89 (full 0):
 garbage-first heap   total 133120K, used 57956K [0x0000000704a00000, 0x0000000800000000)
  region size 2048K, 1 young (2048K), 1 survivors (2048K)
 Metaspace       used 90886K, committed 91776K, reserved 1179648K
  class space    used 13061K, committed 13504K, reserved 1048576K
}
Event: 11054.572 GC heap before
{Heap before GC invocations=89 (full 0):
 garbage-first heap   total 133120K, used 113252K [0x0000000704a00000, 0x0000000800000000)
  region size 2048K, 28 young (57344K), 1 survivors (2048K)
 Metaspace       used 90886K, committed 91776K, reserved 1179648K
  class space    used 13061K, committed 13504K, reserved 1048576K
}
Event: 11054.578 GC heap after
{Heap after GC invocations=90 (full 0):
 garbage-first heap   total 133120K, used 57902K [0x0000000704a00000, 0x0000000800000000)
  region size 2048K, 1 young (2048K), 1 survivors (2048K)
 Metaspace       used 90886K, committed 91776K, reserved 1179648K
  class space    used 13061K, committed 13504K, reserved 1048576K
}
Event: 11140.310 GC heap before
{Heap before GC invocations=90 (full 0):
 garbage-first heap   total 133120K, used 113198K [0x0000000704a00000, 0x0000000800000000)
  region size 2048K, 28 young (57344K), 1 survivors (2048K)
 Metaspace       used 90887K, committed 91776K, reserved 1179648K
  class space    used 13061K, committed 13504K, reserved 1048576K
}
Event: 11140.312 GC heap after
{Heap after GC invocations=91 (full 0):
 garbage-first heap   total 133120K, used 57906K [0x0000000704a00000, 0x0000000800000000)
  region size 2048K, 1 young (2048K), 1 survivors (2048K)
 Metaspace       used 90887K, committed 91776K, reserved 1179648K
  class space    used 13061K, committed 13504K, reserved 1048576K
}
Event: 11310.593 GC heap before
{Heap before GC invocations=91 (full 0):
 garbage-first heap   total 133120K, used 113202K [0x0000000704a00000, 0x0000000800000000)
  region size 2048K, 28 young (57344K), 1 survivors (2048K)
 Metaspace       used 90887K, committed 91776K, reserved 1179648K
  class space    used 13061K, committed 13504K, reserved 1048576K
}
Event: 11310.594 GC heap after
{Heap after GC invocations=92 (full 0):
 garbage-first heap   total 133120K, used 57619K [0x0000000704a00000, 0x0000000800000000)
  region size 2048K, 1 young (2048K), 1 survivors (2048K)
 Metaspace       used 90887K, committed 91776K, reserved 1179648K
  class space    used 13061K, committed 13504K, reserved 1048576K
}
Event: 11557.035 GC heap before
{Heap before GC invocations=92 (full 0):
 garbage-first heap   total 133120K, used 112915K [0x0000000704a00000, 0x0000000800000000)
  region size 2048K, 28 young (57344K), 1 survivors (2048K)
 Metaspace       used 90887K, committed 91776K, reserved 1179648K
  class space    used 13061K, committed 13504K, reserved 1048576K
}
Event: 11557.042 GC heap after
{Heap after GC invocations=93 (full 0):
 garbage-first heap   total 133120K, used 57630K [0x0000000704a00000, 0x0000000800000000)
  region size 2048K, 1 young (2048K), 1 survivors (2048K)
 Metaspace       used 90887K, committed 91776K, reserved 1179648K
  class space    used 13061K, committed 13504K, reserved 1048576K
}
Event: 11666.979 GC heap before
{Heap before GC invocations=93 (full 0):
 garbage-first heap   total 133120K, used 78110K [0x0000000704a00000, 0x0000000800000000)
  region size 2048K, 12 young (24576K), 1 survivors (2048K)
 Metaspace       used 91002K, committed 91904K, reserved 1179648K
  class space    used 13086K, committed 13504K, reserved 1048576K
}

